<?xml version="1.0" encoding="UTF-8"?>
<!-- Generated by org.testng.reporters.JUnitReportReporter -->
<testsuite hostname="Omkar" failures="0" tests="1" name="practice.CreateCampaignTest" time="5.836" errors="0" timestamp="2025-07-31T23:03:26 IST" skipped="0">
  <testcase classname="practice.CreateCampaignTest" name="createTheCampaign" time="5.836">
    <system-out>
      <![CDATA[onTestStart
====createTheCampaign Passed===]]>
    </system-out>
  </testcase> <!-- createTheCampaign -->
  <system-out>
    <![CDATA[Report Configuration
onTestStart
====createTheCampaign Passed===
onTestStart
====createTheProduct Passed===]]>
  </system-out>
</testsuite> <!-- practice.CreateCampaignTest -->
