<?xml version="1.0" encoding="UTF-8"?>
<!-- Generated by org.testng.reporters.JUnitReportReporter -->
<testsuite hostname="Omkar" failures="0" tests="1" name="practice.CreateCampaign" time="7.248" errors="0" timestamp="2025-07-24T02:32:29 IST" skipped="0">
  <testcase classname="practice.CreateCampaign" name="createTheCampaign" time="7.248">
    <system-out>
      <![CDATA[onTestStart
====createTheCampaign Passed===]]>
    </system-out>
  </testcase> <!-- createTheCampaign -->
  <system-out>
    <![CDATA[Report Configuration
onTestStart
====createTheCampaign Passed===
onTestStart
====createTheProduct Failed===]]>
  </system-out>
</testsuite> <!-- practice.CreateCampaign -->
