<?xml version="1.0" encoding="UTF-8"?>
<!-- Generated by org.testng.reporters.JUnitReportReporter -->
<testsuite hostname="Omkar" failures="0" tests="1" name="baseClass.BaseClass" time="0.008" errors="0" timestamp="2025-07-15T08:51:03 IST" skipped="0">
  <testcase classname="baseClass.BaseClass" name="testCase" time="0.008"/>
</testsuite> <!-- baseClass.BaseClass -->
