<?xml version="1.0" encoding="UTF-8"?>
<!-- Generated by org.testng.reporters.JUnitReportReporter -->
<testsuite hostname="Omkar" failures="0" tests="1" name="practice.CreateProductTest" time="13.746" errors="0" timestamp="2025-07-27T10:23:55 IST" skipped="0">
  <testcase classname="practice.CreateProductTest" name="createTheProduct" time="13.746">
    <system-out>
      <![CDATA[onTestStart
====createTheProduct Passed===]]>
    </system-out>
  </testcase> <!-- createTheProduct -->
  <system-out>
    <![CDATA[Report Configuration
onTestStart
====createTheCampaign Passed===
onTestStart
====createTheProduct Passed===]]>
  </system-out>
</testsuite> <!-- practice.CreateProductTest -->
